[2026-06-17T06:08:25.926Z] [INFO] 启动 (模式: check)
[2026-06-17T06:08:27.298Z] [INFO] API 获取成功: 75 条公告
[2026-06-17T06:08:28.621Z] [INFO] 启动 (模式: status)
[2026-06-17T06:08:41.253Z] [WARN] 网络错误 (剩余重试 2): read ECONNRESET
[2026-06-17T06:08:46.962Z] [INFO] API 获取成功: 75 条公告
[2026-06-17T06:09:07.108Z] [INFO] 启动 (模式: incremental)
[2026-06-17T06:09:21.546Z] [WARN] 网络错误 (剩余重试 2): read ECONNRESET
[2026-06-17T06:09:39.566Z] [WARN] 请求超时 (剩余重试 1)
[2026-06-17T06:09:39.567Z] [WARN] 网络错误 (剩余重试 1): socket hang up
[2026-06-17T06:09:49.352Z] [INFO] API 获取成功: 75 条公告
[2026-06-17T06:09:49.374Z] [INFO] 发现 50 条新更新并已追加
[2026-06-17T06:09:49.384Z] [INFO] 运行完成
[2026-06-17T06:15:02.205Z] [INFO] 启动 (模式: incremental)
[2026-06-17T06:15:13.802Z] [WARN] 网络错误 (剩余重试 2): read ECONNRESET
[2026-06-17T06:15:31.074Z] [WARN] 网络错误 (剩余重试 1): read ECONNRESET
[2026-06-17T06:15:49.099Z] [ERROR] API 获取失败: 请求超时，已达最大重试次数
[2026-06-17T06:15:49.100Z] [WARN] 已降级使用本地缓存: 75 条
[2026-06-17T06:15:49.118Z] [INFO] 表格已生成: E:\CC\mad\mad-island-table.md
[2026-06-17T06:16:24.985Z] [INFO] 启动 (模式: incremental)
[2026-06-17T06:16:40.011Z] [WARN] 请求超时 (剩余重试 2)
[2026-06-17T06:16:40.011Z] [WARN] 网络错误 (剩余重试 2): socket hang up
[2026-06-17T06:16:58.034Z] [WARN] 请求超时 (剩余重试 1)
[2026-06-17T06:16:58.034Z] [WARN] 请求超时 (剩余重试 1)
[2026-06-17T06:16:58.034Z] [WARN] 网络错误 (剩余重试 1): socket hang up
[2026-06-17T06:16:58.035Z] [WARN] 网络错误 (剩余重试 1): socket hang up
[2026-06-17T06:17:04.134Z] [INFO] API 获取成功: 75 条公告
[2026-06-17T06:17:04.149Z] [INFO] 表格已生成: E:\CC\mad\mad-island-table.md
[2026-06-17T06:30:26.116Z] [INFO] 启动 (模式: full)
[2026-06-17T06:30:27.895Z] [INFO] API 获取成功: 75 条公告
[2026-06-17T06:30:27.916Z] [INFO] JSON 数据已生成: E:\CC\mad\updates.json
[2026-06-17T06:30:27.933Z] [INFO] 完整历史已生成: E:\CC\mad\mad-island-updates.md
[2026-06-17T06:30:27.938Z] [INFO] 运行完成
[2026-06-17T06:33:04.750Z] [INFO] 启动 (模式: full)
[2026-06-17T06:33:07.662Z] [INFO] API 获取成功: 75 条公告
[2026-06-17T06:33:07.684Z] [INFO] 数据文件已生成: E:\CC\mad\updates.json, E:\CC\mad\data.js
[2026-06-17T06:33:07.701Z] [INFO] 完整历史已生成: E:\CC\mad\mad-island-updates.md
[2026-06-17T06:33:07.705Z] [INFO] 运行完成
[2026-06-17T06:43:21.866Z] [INFO] 启动 (模式: full)
[2026-06-17T06:43:24.990Z] [INFO] API 获取成功: 75 条公告
[2026-06-17T06:43:25.037Z] [INFO] 数据文件已生成: E:\CC\mad\updates.json, E:\CC\mad\data.js
[2026-06-17T06:43:25.067Z] [INFO] 完整历史已生成: E:\CC\mad\mad-island-updates.md
[2026-06-17T06:43:25.072Z] [INFO] 运行完成
[2026-06-17T06:47:42.088Z] [INFO] 启动 (模式: full)
[2026-06-17T06:47:44.925Z] [INFO] API 获取成功: 75 条公告
[2026-06-17T06:47:44.929Z] [INFO] 数据文件已生成: E:\CC\mad\updates.json, E:\CC\mad\data.js
[2026-06-17T06:47:44.971Z] [INFO] 完整历史已生成: E:\CC\mad\mad-island-updates.md
[2026-06-17T06:47:44.977Z] [INFO] 运行完成
[2026-06-17T06:55:34.754Z] [INFO] 启动 (模式: full)
[2026-06-17T06:55:39.976Z] [INFO] API 获取成功: 75 条公告
[2026-06-17T06:55:39.979Z] [INFO] 数据文件已生成: E:\CC\mad\updates.json, E:\CC\mad\data.js
[2026-06-17T06:55:40.023Z] [INFO] 完整历史已生成: E:\CC\mad\mad-island-updates.md
[2026-06-17T06:55:40.028Z] [INFO] 运行完成
[2026-06-17T07:17:06.084Z] [INFO] 启动 (模式: incremental)
[2026-06-17T07:17:09.256Z] [INFO] API 获取成功: 75 条公告
[2026-06-17T07:17:09.259Z] [INFO] 数据文件已生成: E:\CC\mad\updates.json, E:\CC\mad\data.js
[2026-06-17T07:17:09.271Z] [INFO] 运行完成
[2026-06-17T20:03:57.027Z] [INFO] 启动 (模式: incremental)
[2026-06-17T20:03:57.888Z] [INFO] API 获取成功: 75 条公告
[2026-06-17T20:03:57.891Z] [INFO] 数据文件已生成: E:\CC\mad\updates.json, E:\CC\mad\data.js
[2026-06-17T20:03:57.910Z] [INFO] 运行完成
[2026-06-17T20:21:27.231Z] [INFO] 启动 (模式: full)
[2026-06-17T20:21:27.778Z] [INFO] API 获取成功: 75 条公告
[2026-06-17T20:21:27.781Z] [INFO] 数据文件已生成: E:\CC\mad\updates.json, E:\CC\mad\data.js
[2026-06-17T20:21:27.823Z] [INFO] 完整历史已生成: E:\CC\mad\mad-island-updates.md
[2026-06-17T20:21:27.830Z] [INFO] 运行完成
[2026-06-17T20:26:35.333Z] [INFO] 启动 (模式: full)
[2026-06-17T20:26:35.821Z] [INFO] API 获取成功: 75 条公告
[2026-06-17T20:26:35.825Z] [INFO] 数据文件已生成: E:\CC\mad\updates.json, E:\CC\mad\data.js
[2026-06-17T20:26:35.865Z] [INFO] 完整历史已生成: E:\CC\mad\mad-island-updates.md
[2026-06-17T20:26:35.872Z] [INFO] 运行完成
[2026-06-18T09:10:05.391Z] [INFO] 启动 (模式: incremental)
[2026-06-18T09:10:06.492Z] [INFO] API 获取成功: 75 条公告
[2026-06-18T09:10:06.500Z] [INFO] 数据文件已生成: E:\CC\mad\updates.json, E:\CC\mad\data.js
[2026-06-18T09:10:06.520Z] [INFO] 运行完成
[2026-06-18T13:17:04.502Z] [INFO] 启动 (模式: incremental)
[2026-06-18T13:17:15.816Z] [WARN] 网络错误 (剩余重试 2): read ECONNRESET
[2026-06-18T13:17:30.032Z] [WARN] 网络错误 (剩余重试 1): read ECONNRESET
[2026-06-18T13:17:48.049Z] [ERROR] API 获取失败: 请求超时，已达最大重试次数
[2026-06-18T13:17:48.050Z] [WARN] 已降级使用本地缓存: 75 条
[2026-06-18T13:17:48.052Z] [INFO] 数据文件已生成: E:\CC\mad\updates.json, E:\CC\mad\data.js
[2026-06-18T13:17:48.071Z] [INFO] 运行完成
[2026-06-19T02:43:58.518Z] [INFO] 启动 (模式: incremental)
[2026-06-19T02:43:59.647Z] [INFO] API 获取成功: 75 条公告
[2026-06-19T02:43:59.652Z] [INFO] 数据文件已生成: E:\CC\mad\updates.json, E:\CC\mad\data.js
[2026-06-19T02:43:59.664Z] [INFO] 运行完成
